[0.696s] Invoking command in '/home/mattia/PX4-mini-drone/offboard_py': PYTHONPATH=/home/mattia/PX4-mini-drone/offboard_py/build/offboard_py/prefix_override:/home/mattia/PX4-mini-drone/offboard_py/install/offboard_py/lib/python3.10/site-packages:${PYTHONPATH} /usr/bin/python3 setup.py egg_info --egg-base build/offboard_py build --build-base /home/mattia/PX4-mini-drone/offboard_py/build/offboard_py/build install --record /home/mattia/PX4-mini-drone/offboard_py/build/offboard_py/install.log --single-version-externally-managed
[0.967s] running egg_info
[0.968s] writing build/offboard_py/offboard_py.egg-info/PKG-INFO
[0.968s] writing dependency_links to build/offboard_py/offboard_py.egg-info/dependency_links.txt
[0.968s] writing entry points to build/offboard_py/offboard_py.egg-info/entry_points.txt
[0.969s] writing requirements to build/offboard_py/offboard_py.egg-info/requires.txt
[0.969s] writing top-level names to build/offboard_py/offboard_py.egg-info/top_level.txt
[0.971s] reading manifest file 'build/offboard_py/offboard_py.egg-info/SOURCES.txt'
[0.972s] writing manifest file 'build/offboard_py/offboard_py.egg-info/SOURCES.txt'
[0.972s] running build
[0.972s] running build_py
[0.972s] copying offboard_py/offboard_control.py -> /home/mattia/PX4-mini-drone/offboard_py/build/offboard_py/build/lib/offboard_py
[0.973s] running install
[0.973s] /usr/lib/python3/dist-packages/setuptools/command/install.py:34: SetuptoolsDeprecationWarning: setup.py install is deprecated. Use build and pip and other standards-based tools.
[0.973s]   warnings.warn(
[0.973s] running install_lib
[0.974s] copying /home/mattia/PX4-mini-drone/offboard_py/build/offboard_py/build/lib/offboard_py/offboard_control.py -> /home/mattia/PX4-mini-drone/offboard_py/install/offboard_py/lib/python3.10/site-packages/offboard_py
[0.975s] byte-compiling /home/mattia/PX4-mini-drone/offboard_py/install/offboard_py/lib/python3.10/site-packages/offboard_py/offboard_control.py to offboard_control.cpython-310.pyc
[0.976s] running install_data
[0.977s] running install_egg_info
[0.979s] removing '/home/mattia/PX4-mini-drone/offboard_py/install/offboard_py/lib/python3.10/site-packages/offboard_py-0.0.0-py3.10.egg-info' (and everything under it)
[0.979s] Copying build/offboard_py/offboard_py.egg-info to /home/mattia/PX4-mini-drone/offboard_py/install/offboard_py/lib/python3.10/site-packages/offboard_py-0.0.0-py3.10.egg-info
[0.980s] running install_scripts
[1.005s] Installing offboard_control script to /home/mattia/PX4-mini-drone/offboard_py/install/offboard_py/lib/offboard_py
[1.006s] writing list of installed files to '/home/mattia/PX4-mini-drone/offboard_py/build/offboard_py/install.log'
[1.033s] Invoked command in '/home/mattia/PX4-mini-drone/offboard_py' returned '0': PYTHONPATH=/home/mattia/PX4-mini-drone/offboard_py/build/offboard_py/prefix_override:/home/mattia/PX4-mini-drone/offboard_py/install/offboard_py/lib/python3.10/site-packages:${PYTHONPATH} /usr/bin/python3 setup.py egg_info --egg-base build/offboard_py build --build-base /home/mattia/PX4-mini-drone/offboard_py/build/offboard_py/build install --record /home/mattia/PX4-mini-drone/offboard_py/build/offboard_py/install.log --single-version-externally-managed
