running egg_info
creating build/offboard_py/offboard_py.egg-info
writing build/offboard_py/offboard_py.egg-info/PKG-INFO
writing dependency_links to build/offboard_py/offboard_py.egg-info/dependency_links.txt
writing entry points to build/offboard_py/offboard_py.egg-info/entry_points.txt
writing requirements to build/offboard_py/offboard_py.egg-info/requires.txt
writing top-level names to build/offboard_py/offboard_py.egg-info/top_level.txt
writing manifest file 'build/offboard_py/offboard_py.egg-info/SOURCES.txt'
reading manifest file 'build/offboard_py/offboard_py.egg-info/SOURCES.txt'
writing manifest file 'build/offboard_py/offboard_py.egg-info/SOURCES.txt'
running build
running build_py
creating /home/mattia/PX4-mini-drone/offboard_py/build/offboard_py/build
creating /home/mattia/PX4-mini-drone/offboard_py/build/offboard_py/build/lib
creating /home/mattia/PX4-mini-drone/offboard_py/build/offboard_py/build/lib/offboard_py
copying offboard_py/example2.py -> /home/mattia/PX4-mini-drone/offboard_py/build/offboard_py/build/lib/offboard_py
copying offboard_py/offboard_control.py -> /home/mattia/PX4-mini-drone/offboard_py/build/offboard_py/build/lib/offboard_py
copying offboard_py/__init__.py -> /home/mattia/PX4-mini-drone/offboard_py/build/offboard_py/build/lib/offboard_py
running install
running install_lib
creating /home/mattia/PX4-mini-drone/offboard_py/install/offboard_py/lib/python3.10/site-packages/offboard_py
copying /home/mattia/PX4-mini-drone/offboard_py/build/offboard_py/build/lib/offboard_py/example2.py -> /home/mattia/PX4-mini-drone/offboard_py/install/offboard_py/lib/python3.10/site-packages/offboard_py
copying /home/mattia/PX4-mini-drone/offboard_py/build/offboard_py/build/lib/offboard_py/offboard_control.py -> /home/mattia/PX4-mini-drone/offboard_py/install/offboard_py/lib/python3.10/site-packages/offboard_py
copying /home/mattia/PX4-mini-drone/offboard_py/build/offboard_py/build/lib/offboard_py/__init__.py -> /home/mattia/PX4-mini-drone/offboard_py/install/offboard_py/lib/python3.10/site-packages/offboard_py
byte-compiling /home/mattia/PX4-mini-drone/offboard_py/install/offboard_py/lib/python3.10/site-packages/offboard_py/example2.py to example2.cpython-310.pyc
byte-compiling /home/mattia/PX4-mini-drone/offboard_py/install/offboard_py/lib/python3.10/site-packages/offboard_py/offboard_control.py to offboard_control.cpython-310.pyc
byte-compiling /home/mattia/PX4-mini-drone/offboard_py/install/offboard_py/lib/python3.10/site-packages/offboard_py/__init__.py to __init__.cpython-310.pyc
running install_data
creating /home/mattia/PX4-mini-drone/offboard_py/install/offboard_py/share/ament_index
creating /home/mattia/PX4-mini-drone/offboard_py/install/offboard_py/share/ament_index/resource_index
creating /home/mattia/PX4-mini-drone/offboard_py/install/offboard_py/share/ament_index/resource_index/packages
copying resource/offboard_py -> /home/mattia/PX4-mini-drone/offboard_py/install/offboard_py/share/ament_index/resource_index/packages
copying package.xml -> /home/mattia/PX4-mini-drone/offboard_py/install/offboard_py/share/offboard_py
running install_egg_info
Copying build/offboard_py/offboard_py.egg-info to /home/mattia/PX4-mini-drone/offboard_py/install/offboard_py/lib/python3.10/site-packages/offboard_py-0.0.0-py3.10.egg-info
running install_scripts
Installing offboard_control script to /home/mattia/PX4-mini-drone/offboard_py/install/offboard_py/lib/offboard_py
writing list of installed files to '/home/mattia/PX4-mini-drone/offboard_py/build/offboard_py/install.log'
