[0.316s] DEBUG:colcon:Command line arguments: ['/usr/bin/colcon', 'build']
[0.316s] DEBUG:colcon:Parsed command line arguments: Namespace(log_base=None, log_level=None, verb_name='build', build_base='build', install_base='install', merge_install=False, symlink_install=False, test_result_base=None, continue_on_error=False, executor='parallel', parallel_workers=12, event_handlers=None, ignore_user_meta=False, metas=['./colcon.meta'], base_paths=['.'], packages_ignore=None, packages_ignore_regex=None, paths=None, packages_up_to=None, packages_up_to_regex=None, packages_above=None, packages_above_and_dependencies=None, packages_above_depth=None, packages_select_by_dep=None, packages_skip_by_dep=None, packages_skip_up_to=None, packages_select_build_failed=False, packages_skip_build_finished=False, packages_select_test_failures=False, packages_skip_test_passed=False, packages_select=None, packages_skip=None, packages_select_regex=None, packages_skip_regex=None, packages_start=None, packages_end=None, allow_overriding=[], cmake_args=None, cmake_target=None, cmake_target_skip_unavailable=False, cmake_clean_cache=False, cmake_clean_first=False, cmake_force_configure=False, ament_cmake_args=None, catkin_cmake_args=None, catkin_skip_building_tests=False, verb_parser=<colcon_defaults.argument_parser.defaults.DefaultArgumentsDecorator object at 0x7f14c74d3f40>, verb_extension=<colcon_core.verb.build.BuildVerb object at 0x7f14c7b8a9e0>, main=<bound method BuildVerb.main of <colcon_core.verb.build.BuildVerb object at 0x7f14c7b8a9e0>>)
[0.341s] Level 1:colcon.colcon_core.package_discovery:discover_packages(colcon_meta) check parameters
[0.341s] Level 1:colcon.colcon_core.package_discovery:discover_packages(recursive) check parameters
[0.341s] Level 1:colcon.colcon_core.package_discovery:discover_packages(ignore) check parameters
[0.341s] Level 1:colcon.colcon_core.package_discovery:discover_packages(path) check parameters
[0.341s] Level 1:colcon.colcon_core.package_discovery:discover_packages(colcon_meta) discover
[0.341s] Level 1:colcon.colcon_core.package_discovery:discover_packages(recursive) discover
[0.341s] INFO:colcon.colcon_core.package_discovery:Crawling recursively for packages in '/home/mattia/PX4-mini-drone/offboard_py'
[0.341s] Level 1:colcon.colcon_core.package_identification:_identify(.) by extensions ['ignore', 'ignore_ament_install']
[0.341s] Level 1:colcon.colcon_core.package_identification:_identify(.) by extension 'ignore'
[0.341s] Level 1:colcon.colcon_core.package_identification:_identify(.) by extension 'ignore_ament_install'
[0.341s] Level 1:colcon.colcon_core.package_identification:_identify(.) by extensions ['colcon_pkg']
[0.341s] Level 1:colcon.colcon_core.package_identification:_identify(.) by extension 'colcon_pkg'
[0.341s] Level 1:colcon.colcon_core.package_identification:_identify(.) by extensions ['colcon_meta']
[0.341s] Level 1:colcon.colcon_core.package_identification:_identify(.) by extension 'colcon_meta'
[0.341s] Level 1:colcon.colcon_core.package_identification:_identify(.) by extensions ['ros']
[0.341s] Level 1:colcon.colcon_core.package_identification:_identify(.) by extension 'ros'
[0.355s] DEBUG:colcon.colcon_core.package_identification:Package '.' with type 'ros.ament_python' and name 'offboard_py'
[0.355s] Level 1:colcon.colcon_core.package_discovery:discover_packages(recursive) using defaults
[0.355s] Level 1:colcon.colcon_core.package_discovery:discover_packages(ignore) discover
[0.355s] Level 1:colcon.colcon_core.package_discovery:discover_packages(ignore) using defaults
[0.355s] Level 1:colcon.colcon_core.package_discovery:discover_packages(path) discover
[0.355s] Level 1:colcon.colcon_core.package_discovery:discover_packages(path) using defaults
[0.377s] Level 1:colcon.colcon_core.package_discovery:discover_packages(prefix_path) check parameters
[0.377s] Level 1:colcon.colcon_core.package_discovery:discover_packages(prefix_path) discover
[0.378s] DEBUG:colcon.colcon_installed_package_information.package_discovery:Found 1 installed packages in /home/mattia/PX4-mini-drone/offboard_py/install
[0.379s] DEBUG:colcon.colcon_installed_package_information.package_discovery:Found 2 installed packages in /home/mattia/px4_ros_com_ws/install
[0.381s] DEBUG:colcon.colcon_installed_package_information.package_discovery:Found 270 installed packages in /opt/ros/humble
[0.382s] Level 1:colcon.colcon_core.package_discovery:discover_packages(prefix_path) using defaults
[0.431s] Level 5:colcon.colcon_core.verb:set package 'offboard_py' build argument 'cmake_args' from command line to 'None'
[0.431s] Level 5:colcon.colcon_core.verb:set package 'offboard_py' build argument 'cmake_target' from command line to 'None'
[0.431s] Level 5:colcon.colcon_core.verb:set package 'offboard_py' build argument 'cmake_target_skip_unavailable' from command line to 'False'
[0.431s] Level 5:colcon.colcon_core.verb:set package 'offboard_py' build argument 'cmake_clean_cache' from command line to 'False'
[0.431s] Level 5:colcon.colcon_core.verb:set package 'offboard_py' build argument 'cmake_clean_first' from command line to 'False'
[0.431s] Level 5:colcon.colcon_core.verb:set package 'offboard_py' build argument 'cmake_force_configure' from command line to 'False'
[0.431s] Level 5:colcon.colcon_core.verb:set package 'offboard_py' build argument 'ament_cmake_args' from command line to 'None'
[0.431s] Level 5:colcon.colcon_core.verb:set package 'offboard_py' build argument 'catkin_cmake_args' from command line to 'None'
[0.431s] Level 5:colcon.colcon_core.verb:set package 'offboard_py' build argument 'catkin_skip_building_tests' from command line to 'False'
[0.431s] DEBUG:colcon.colcon_core.verb:Building package 'offboard_py' with the following arguments: {'ament_cmake_args': None, 'build_base': '/home/mattia/PX4-mini-drone/offboard_py/build/offboard_py', 'catkin_cmake_args': None, 'catkin_skip_building_tests': False, 'cmake_args': None, 'cmake_clean_cache': False, 'cmake_clean_first': False, 'cmake_force_configure': False, 'cmake_target': None, 'cmake_target_skip_unavailable': False, 'install_base': '/home/mattia/PX4-mini-drone/offboard_py/install/offboard_py', 'merge_install': False, 'path': '/home/mattia/PX4-mini-drone/offboard_py', 'symlink_install': False, 'test_result_base': None}
[0.432s] INFO:colcon.colcon_core.executor:Executing jobs using 'parallel' executor
[0.436s] DEBUG:colcon.colcon_parallel_executor.executor.parallel:run_until_complete
[0.436s] INFO:colcon.colcon_ros.task.ament_python.build:Building ROS package in '/home/mattia/PX4-mini-drone/offboard_py' with build type 'ament_python'
[0.436s] Level 1:colcon.colcon_core.shell:create_environment_hook('offboard_py', 'ament_prefix_path')
[0.440s] INFO:colcon.colcon_core.plugin_system:Skipping extension 'colcon_core.shell.bat': Not used on non-Windows systems
[0.440s] INFO:colcon.colcon_core.shell:Creating environment hook '/home/mattia/PX4-mini-drone/offboard_py/install/offboard_py/share/offboard_py/hook/ament_prefix_path.ps1'
[0.441s] INFO:colcon.colcon_core.shell:Creating environment descriptor '/home/mattia/PX4-mini-drone/offboard_py/install/offboard_py/share/offboard_py/hook/ament_prefix_path.dsv'
[0.441s] INFO:colcon.colcon_core.shell:Creating environment hook '/home/mattia/PX4-mini-drone/offboard_py/install/offboard_py/share/offboard_py/hook/ament_prefix_path.sh'
[0.442s] INFO:colcon.colcon_core.shell:Skip shell extension 'powershell' for command environment: Not usable outside of PowerShell
[0.442s] DEBUG:colcon.colcon_core.shell:Skip shell extension 'dsv' for command environment
[0.680s] INFO:colcon.colcon_core.task.python.build:Building Python package in '/home/mattia/PX4-mini-drone/offboard_py'
[0.682s] INFO:colcon.colcon_core.shell:Skip shell extension 'powershell' for command environment: Not usable outside of PowerShell
[0.682s] DEBUG:colcon.colcon_core.shell:Skip shell extension 'dsv' for command environment
[0.992s] DEBUG:colcon.colcon_core.event_handler.log_command:Invoking command in '/home/mattia/PX4-mini-drone/offboard_py': PYTHONPATH=/home/mattia/PX4-mini-drone/offboard_py/build/offboard_py/prefix_override:/home/mattia/PX4-mini-drone/offboard_py/install/offboard_py/lib/python3.10/site-packages:${PYTHONPATH} /usr/bin/python3 setup.py egg_info --egg-base build/offboard_py build --build-base /home/mattia/PX4-mini-drone/offboard_py/build/offboard_py/build install --record /home/mattia/PX4-mini-drone/offboard_py/build/offboard_py/install.log --single-version-externally-managed
[1.256s] DEBUG:colcon.colcon_core.event_handler.log_command:Invoked command in '/home/mattia/PX4-mini-drone/offboard_py' returned '0': PYTHONPATH=/home/mattia/PX4-mini-drone/offboard_py/build/offboard_py/prefix_override:/home/mattia/PX4-mini-drone/offboard_py/install/offboard_py/lib/python3.10/site-packages:${PYTHONPATH} /usr/bin/python3 setup.py egg_info --egg-base build/offboard_py build --build-base /home/mattia/PX4-mini-drone/offboard_py/build/offboard_py/build install --record /home/mattia/PX4-mini-drone/offboard_py/build/offboard_py/install.log --single-version-externally-managed
[1.260s] Level 1:colcon.colcon_core.environment:checking '/home/mattia/PX4-mini-drone/offboard_py/install/offboard_py' for CMake module files
[1.260s] Level 1:colcon.colcon_core.environment:checking '/home/mattia/PX4-mini-drone/offboard_py/install/offboard_py' for CMake config files
[1.261s] Level 1:colcon.colcon_core.environment:checking '/home/mattia/PX4-mini-drone/offboard_py/install/offboard_py/lib'
[1.261s] Level 1:colcon.colcon_core.environment:checking '/home/mattia/PX4-mini-drone/offboard_py/install/offboard_py/bin'
[1.261s] Level 1:colcon.colcon_core.environment:checking '/home/mattia/PX4-mini-drone/offboard_py/install/offboard_py/lib/pkgconfig/offboard_py.pc'
[1.261s] Level 1:colcon.colcon_core.environment:checking '/home/mattia/PX4-mini-drone/offboard_py/install/offboard_py/lib/python3.10/site-packages'
[1.261s] Level 1:colcon.colcon_core.shell:create_environment_hook('offboard_py', 'pythonpath')
[1.263s] INFO:colcon.colcon_core.shell:Creating environment hook '/home/mattia/PX4-mini-drone/offboard_py/install/offboard_py/share/offboard_py/hook/pythonpath.ps1'
[1.263s] INFO:colcon.colcon_core.shell:Creating environment descriptor '/home/mattia/PX4-mini-drone/offboard_py/install/offboard_py/share/offboard_py/hook/pythonpath.dsv'
[1.264s] INFO:colcon.colcon_core.shell:Creating environment hook '/home/mattia/PX4-mini-drone/offboard_py/install/offboard_py/share/offboard_py/hook/pythonpath.sh'
[1.264s] Level 1:colcon.colcon_core.environment:checking '/home/mattia/PX4-mini-drone/offboard_py/install/offboard_py/bin'
[1.264s] Level 1:colcon.colcon_core.environment:create_environment_scripts_only(offboard_py)
[1.266s] INFO:colcon.colcon_core.shell:Creating package script '/home/mattia/PX4-mini-drone/offboard_py/install/offboard_py/share/offboard_py/package.ps1'
[1.268s] INFO:colcon.colcon_core.shell:Creating package descriptor '/home/mattia/PX4-mini-drone/offboard_py/install/offboard_py/share/offboard_py/package.dsv'
[1.268s] INFO:colcon.colcon_core.shell:Creating package script '/home/mattia/PX4-mini-drone/offboard_py/install/offboard_py/share/offboard_py/package.sh'
[1.269s] INFO:colcon.colcon_core.shell:Creating package script '/home/mattia/PX4-mini-drone/offboard_py/install/offboard_py/share/offboard_py/package.bash'
[1.269s] INFO:colcon.colcon_core.shell:Creating package script '/home/mattia/PX4-mini-drone/offboard_py/install/offboard_py/share/offboard_py/package.zsh'
[1.269s] Level 1:colcon.colcon_core.environment:create_file_with_runtime_dependencies(/home/mattia/PX4-mini-drone/offboard_py/install/offboard_py/share/colcon-core/packages/offboard_py)
[1.270s] DEBUG:colcon.colcon_parallel_executor.executor.parallel:closing loop
[1.270s] DEBUG:colcon.colcon_parallel_executor.executor.parallel:loop closed
[1.270s] DEBUG:colcon.colcon_parallel_executor.executor.parallel:run_until_complete finished with '0'
[1.270s] DEBUG:colcon.colcon_core.event_reactor:joining thread
[1.278s] INFO:colcon.colcon_core.plugin_system:Skipping extension 'colcon_notification.desktop_notification.terminal_notifier': Not used on non-Darwin systems
[1.278s] INFO:colcon.colcon_core.plugin_system:Skipping extension 'colcon_notification.desktop_notification.win32': Not used on non-Windows systems
[1.278s] INFO:colcon.colcon_notification.desktop_notification:Sending desktop notification using 'notify2'
[1.295s] DEBUG:colcon.colcon_core.event_reactor:joined thread
[1.296s] INFO:colcon.colcon_core.shell:Creating prefix script '/home/mattia/PX4-mini-drone/offboard_py/install/local_setup.ps1'
[1.297s] INFO:colcon.colcon_core.shell:Creating prefix util module '/home/mattia/PX4-mini-drone/offboard_py/install/_local_setup_util_ps1.py'
[1.299s] INFO:colcon.colcon_core.shell:Creating prefix chain script '/home/mattia/PX4-mini-drone/offboard_py/install/setup.ps1'
[1.300s] INFO:colcon.colcon_core.shell:Creating prefix script '/home/mattia/PX4-mini-drone/offboard_py/install/local_setup.sh'
[1.301s] INFO:colcon.colcon_core.shell:Creating prefix util module '/home/mattia/PX4-mini-drone/offboard_py/install/_local_setup_util_sh.py'
[1.301s] INFO:colcon.colcon_core.shell:Creating prefix chain script '/home/mattia/PX4-mini-drone/offboard_py/install/setup.sh'
[1.302s] INFO:colcon.colcon_core.shell:Creating prefix script '/home/mattia/PX4-mini-drone/offboard_py/install/local_setup.bash'
[1.303s] INFO:colcon.colcon_core.shell:Creating prefix chain script '/home/mattia/PX4-mini-drone/offboard_py/install/setup.bash'
[1.304s] INFO:colcon.colcon_core.shell:Creating prefix script '/home/mattia/PX4-mini-drone/offboard_py/install/local_setup.zsh'
[1.304s] INFO:colcon.colcon_core.shell:Creating prefix chain script '/home/mattia/PX4-mini-drone/offboard_py/install/setup.zsh'
