[0.308s] Invoking command in '/home/mattia/PX4-mini-drone/offboard_py': PYTHONPATH=/home/mattia/PX4-mini-drone/offboard_py/build/offboard_py/prefix_override:/home/mattia/PX4-mini-drone/offboard_py/install/offboard_py/lib/python3.10/site-packages:${PYTHONPATH} /usr/bin/python3 setup.py egg_info --egg-base build/offboard_py build --build-base /home/mattia/PX4-mini-drone/offboard_py/build/offboard_py/build install --record /home/mattia/PX4-mini-drone/offboard_py/build/offboard_py/install.log --single-version-externally-managed
[0.439s] running egg_info
[0.439s] writing build/offboard_py/offboard_py.egg-info/PKG-INFO
[0.440s] writing dependency_links to build/offboard_py/offboard_py.egg-info/dependency_links.txt
[0.440s] writing entry points to build/offboard_py/offboard_py.egg-info/entry_points.txt
[0.440s] writing requirements to build/offboard_py/offboard_py.egg-info/requires.txt
[0.440s] writing top-level names to build/offboard_py/offboard_py.egg-info/top_level.txt
[0.441s] reading manifest file 'build/offboard_py/offboard_py.egg-info/SOURCES.txt'
[0.441s] writing manifest file 'build/offboard_py/offboard_py.egg-info/SOURCES.txt'
[0.441s] running build
[0.441s] running build_py
[0.441s] copying offboard_py/offboard_control.py -> /home/mattia/PX4-mini-drone/offboard_py/build/offboard_py/build/lib/offboard_py
[0.442s] running install
[0.442s] /usr/lib/python3/dist-packages/setuptools/command/install.py:34: SetuptoolsDeprecationWarning: setup.py install is deprecated. Use build and pip and other standards-based tools.
[0.442s]   warnings.warn(
[0.442s] running install_lib
[0.442s] copying /home/mattia/PX4-mini-drone/offboard_py/build/offboard_py/build/lib/offboard_py/offboard_control.py -> /home/mattia/PX4-mini-drone/offboard_py/install/offboard_py/lib/python3.10/site-packages/offboard_py
[0.443s] byte-compiling /home/mattia/PX4-mini-drone/offboard_py/install/offboard_py/lib/python3.10/site-packages/offboard_py/offboard_control.py to offboard_control.cpython-310.pyc
[0.443s] running install_data
[0.443s] running install_egg_info
[0.444s] removing '/home/mattia/PX4-mini-drone/offboard_py/install/offboard_py/lib/python3.10/site-packages/offboard_py-0.0.0-py3.10.egg-info' (and everything under it)
[0.445s] Copying build/offboard_py/offboard_py.egg-info to /home/mattia/PX4-mini-drone/offboard_py/install/offboard_py/lib/python3.10/site-packages/offboard_py-0.0.0-py3.10.egg-info
[0.445s] running install_scripts
[0.458s] Installing offboard_control script to /home/mattia/PX4-mini-drone/offboard_py/install/offboard_py/lib/offboard_py
[0.458s] writing list of installed files to '/home/mattia/PX4-mini-drone/offboard_py/build/offboard_py/install.log'
[0.476s] Invoked command in '/home/mattia/PX4-mini-drone/offboard_py' returned '0': PYTHONPATH=/home/mattia/PX4-mini-drone/offboard_py/build/offboard_py/prefix_override:/home/mattia/PX4-mini-drone/offboard_py/install/offboard_py/lib/python3.10/site-packages:${PYTHONPATH} /usr/bin/python3 setup.py egg_info --egg-base build/offboard_py build --build-base /home/mattia/PX4-mini-drone/offboard_py/build/offboard_py/build install --record /home/mattia/PX4-mini-drone/offboard_py/build/offboard_py/install.log --single-version-externally-managed
